<?xml version="1.0" encoding="UTF-8"?>
<testng-results ignored="0" total="1" passed="1" failed="0" skipped="0">
  <reporter-output>
  </reporter-output>
  <suite started-at="2022-02-27T23:40:58 CST" name="Default suite" finished-at="2022-02-27T23:40:59 CST" duration-ms="690">
    <groups>
      <group name="cucumber">
        <method signature="AbstractTestNGCucumberTests.runScenario(io.cucumber.testng.PickleWrapper, io.cucumber.testng.FeatureWrapper)[pri:0, instance:com.salesForce.runner.TestRunnerA@10959ece]" name="runScenario" class="io.cucumber.testng.AbstractTestNGCucumberTests"/>
      </group> <!-- cucumber -->
    </groups>
    <test started-at="2022-02-27T23:40:58 CST" name="Default test" finished-at="2022-02-27T23:40:59 CST" duration-ms="690">
      <class name="com.salesForce.runner.TestRunnerA">
        <test-method is-config="true" signature="setUpClass(org.testng.ITestContext)[pri:0, instance:com.salesForce.runner.TestRunnerA@10959ece]" started-at="2022-02-27T23:40:58 CST" name="setUpClass" finished-at="2022-02-27T23:40:58 CST" duration-ms="413" status="PASS">
          <params>
            <param index="0">
              <value>
                <![CDATA[org.testng.TestRunner@1a9c38eb]]>
              </value>
            </param>
          </params>
          <reporter-output>
          </reporter-output>
        </test-method> <!-- setUpClass -->
        <test-method signature="runScenario(io.cucumber.testng.PickleWrapper, io.cucumber.testng.FeatureWrapper)[pri:0, instance:com.salesForce.runner.TestRunnerA@10959ece]" started-at="2022-02-27T23:40:58 CST" name="runScenario" description="Runs Cucumber Scenarios" data-provider="scenarios" finished-at="2022-02-27T23:40:59 CST" duration-ms="172" status="PASS">
          <params>
            <param index="0">
              <value>
                <![CDATA["Forgot Password"]]>
              </value>
            </param>
            <param index="1">
              <value>
                <![CDATA["Optional[Login into SalesForce appliaction]"]]>
              </value>
            </param>
          </params>
          <reporter-output>
          </reporter-output>
        </test-method> <!-- runScenario -->
        <test-method is-config="true" signature="tearDownClass()[pri:0, instance:com.salesForce.runner.TestRunnerA@10959ece]" started-at="2022-02-27T23:40:59 CST" name="tearDownClass" finished-at="2022-02-27T23:40:59 CST" duration-ms="36" status="PASS">
          <reporter-output>
          </reporter-output>
        </test-method> <!-- tearDownClass -->
      </class> <!-- com.salesForce.runner.TestRunnerA -->
    </test> <!-- Default test -->
  </suite> <!-- Default suite -->
</testng-results>
